<?xml version="1.0" encoding="UTF-8"?>
<testng-results ignored="0" total="1" passed="1" failed="0" skipped="0">
  <reporter-output>
  </reporter-output>
  <suite started-at="2020-12-13T20:12:00 IST" name="Failed suite [Suite]" finished-at="2020-12-13T20:12:16 IST" duration-ms="16242">
    <groups>
    </groups>
    <test started-at="2020-12-13T20:12:00 IST" name="Test(failed)" finished-at="2020-12-13T20:12:16 IST" duration-ms="16242">
      <class name="facebook.Scenario3">
        <test-method is-config="true" signature="browserSetUp()[pri:0, instance:facebook.Scenario3@11438d26]" started-at="2020-12-13T20:12:00 IST" name="browserSetUp" finished-at="2020-12-13T20:12:09 IST" duration-ms="8794" status="PASS">
          <reporter-output>
          </reporter-output>
        </test-method> <!-- browserSetUp -->
        <test-method signature="signup()[pri:0, instance:facebook.Scenario3@11438d26]" started-at="2020-12-13T20:12:09 IST" name="signup" finished-at="2020-12-13T20:12:15 IST" duration-ms="5554" status="PASS">
          <reporter-output>
          </reporter-output>
        </test-method> <!-- signup -->
        <test-method is-config="true" signature="tearDown()[pri:0, instance:facebook.Scenario3@11438d26]" started-at="2020-12-13T20:12:15 IST" name="tearDown" finished-at="2020-12-13T20:12:16 IST" duration-ms="1833" status="PASS">
          <reporter-output>
          </reporter-output>
        </test-method> <!-- tearDown -->
      </class> <!-- facebook.Scenario3 -->
    </test> <!-- Test(failed) -->
  </suite> <!-- Failed suite [Suite] -->
</testng-results>
