<?xml version="1.0" encoding="UTF-8"?>
<testng-results total="1" passed="1" failed="0" skipped="0">
  <reporter-output>
  </reporter-output>
  <suite started-at="2020-11-26T17:47:58Z" name="Default suite" finished-at="2020-11-26T17:47:58Z" duration-ms="78">
    <groups>
    </groups>
    <test started-at="2020-11-26T17:47:58Z" name="Default test" finished-at="2020-11-26T17:47:58Z" duration-ms="78">
      <class name="Sampl1">
        <test-method signature="sampleOutput()[pri:0, instance:Sampl1@54bff557]" started-at="2020-11-26T23:17:58Z" name="sampleOutput" finished-at="2020-11-26T23:17:58Z" duration-ms="30" status="PASS">
          <reporter-output>
          </reporter-output>
        </test-method> <!-- sampleOutput -->
      </class> <!-- Sampl1 -->
    </test> <!-- Default test -->
  </suite> <!-- Default suite -->
</testng-results>
